#
# A fatal error has been detected by the Java Runtime Environment:
#
#  SIGSEGV (0xb) at pc=0x00007ff80d78e769, pid=18786, tid=0x0000000000000103
#
# JRE version: OpenJDK Runtime Environment (8.0_382-b05) (build 1.8.0_382-b05)
# Java VM: OpenJDK 64-Bit Server VM (25.382-b05 mixed mode bsd-amd64 compressed oops)
# Problematic frame:
# C  [libobjc.A.dylib+0x6769]  objc_msgSend+0x29
#
# Failed to write core dump. Core dumps have been disabled. To enable core dumping, try "ulimit -c unlimited" before starting Java again
#
# If you would like to submit a bug report, please visit:
#   https://github.com/adoptium/adoptium-support/issues
# The crash happened outside the Java Virtual Machine in native code.
# See problematic frame for where to report the bug.
#

---------------  T H R E A D  ---------------

Current thread (0x00007f906704a000):  JavaThread "AppKit Thread" daemon [_thread_in_native, id=259, stack(0x00000003044a9000,0x0000000304ca9000)]

siginfo: si_signo: 11 (SIGSEGV), si_code: 1 (SEGV_MAPERR), si_addr: 0x0000000000000286

Registers:
RAX=0x00002a984548be72, RBX=0x00007ff80d78e740, RCX=0x0000000080000000, RDX=0x0000000000002a98
RSP=0x0000000304ca23a8, RBP=0x0000000304ca2730, RSI=0x00007ff82d3f99bb, RDI=0x00007f90b72569b0
R8 =0x0000000000000055, R9 =0x0000000000000002, R10=0x000000012cbc0018, R11=0x0000000000000286
R12=0x0000000000000000, R13=0x00006000032fe680, R14=0x0000600003876640, R15=0x00007ff80d78e740
RIP=0x00007ff80d78e769, EFLAGS=0x0000000000000247, ERR=0x0000000000000004
  TRAPNO=0x000000000000000e

Top of Stack: (sp=0x0000000304ca23a8)
0x0000000304ca23a8:   00007ff8112a5650 0000000000000000
0x0000000304ca23b8:   0000000000000000 4090680000000000
0x0000000304ca23c8:   403c000000000000 ffffffffffffffff
0x0000000304ca23d8:   0000000304ca2680 00007ff80deceb78
0x0000000304ca23e8:   0000000000000000 0000000000000000
0x0000000304ca23f8:   0000000000000000 0000000000000000
0x0000000304ca2408:   0000000000000000 0000000304ca2460
0x0000000304ca2418:   00007ff80d85d32e 0000000304ca2480
0x0000000304ca2428:   00007ff80d793c23 0000000304ca2460
0x0000000304ca2438:   0000000000000000 00007f90b7060a90
0x0000000304ca2448:   0000000304ca25c0 00006000012bd460
0x0000000304ca2458:   0000000000000028 0000000304ca2490
0x0000000304ca2468:   00007ff80d85d3aa 0000000000000000
0x0000000304ca2478:   0000000000000000 4090680000000000
0x0000000304ca2488:   403c000000000000 00007f90b7000000
0x0000000304ca2498:   00007ff82d36da78 00007ff82d2529a4
0x0000000304ca24a8:   00007ff82d3ec64d 00007ff82d3f257c
0x0000000304ca24b8:   00007ff82d39a4f9 00007ff8511ff2a0
0x0000000304ca24c8:   00000000c2000000 00007ff8112aae6e
0x0000000304ca24d8:   00007ff84d9a7400 0000600001cb6620
0x0000000304ca24e8:   0000000000000000 0000000000000000
0x0000000304ca24f8:   00007f90b7260020 4028420000000000
0x0000000304ca2508:   4026880000000000 4028420000000000
0x0000000304ca2518:   40886a2000000000 00007f90b724cf60
0x0000000304ca2528:   0000000001000100 00007f90b7260020
0x0000000304ca2538:   0000000000000000 00007ff82d255a47
0x0000000304ca2548:   0000600001cb6620 0000600002916880
0x0000000304ca2558:   00007ff82d3f99bb 00007ff82d2569b6
0x0000000304ca2568:   0000600001cb65a0 00007ff82d3a1f9b
0x0000000304ca2578:   0000000000000001 00007f90b72569b0
0x0000000304ca2588:   000000000d79899f 40e6de2f8b993818
0x0000000304ca2598:   00007ff82d33f658 40886a2000000000 

Instructions: (pc=0x00007ff80d78e769)
0x00007ff80d78e749:   01 2e 75 76 49 ba f8 ff ff ff ff 7f 00 00 4c 23
0x00007ff80d78e759:   17 49 89 f3 45 23 5a 18 49 c1 e3 04 4d 03 5a 10
0x00007ff80d78e769:   49 3b 33 75 0a 4d 8b 5b 08 4d 31 d3 41 ff e3 49
0x00007ff80d78e779:   83 3b 01 76 13 49 83 c3 10 49 3b 33 75 f1 4d 8b 

Register to memory mapping:

RAX=0x00002a984548be72 is an unknown value
RBX=0x00007ff80d78e740: objc_msgSend+0 in /usr/lib/libobjc.A.dylib at 0x00007ff80d788000
RCX=0x0000000080000000 is an unknown value
RDX=0x0000000000002a98 is an unknown value
RSP=0x0000000304ca23a8 is pointing into the stack for thread: 0x00007f906704a000
RBP=0x0000000304ca2730 is pointing into the stack for thread: 0x00007f906704a000
RSI=0x00007ff82d3f99bb is an unknown value
RDI=0x00007f90b72569b0 is an unknown value
R8 =0x0000000000000055 is an unknown value
R9 =0x0000000000000002 is an unknown value
R10=0x000000012cbc0018: <offset 0x2f018> in /private/var/folders/1k/1p9mzqd51ll4_102krxx9t7c0000gp/T/libgdxmaribelkatherineclaro/f7649394/liblwjgl.dylib at 0x000000012cb91000
R11=0x0000000000000286 is an unknown value
R12=0x0000000000000000 is an unknown value
R13=0x00006000032fe680 is an unknown value
R14=0x0000600003876640 is an unknown value
R15=0x00007ff80d78e740: objc_msgSend+0 in /usr/lib/libobjc.A.dylib at 0x00007ff80d788000


Stack: [0x00000003044a9000,0x0000000304ca9000],  sp=0x0000000304ca23a8,  free space=8164k
Native frames: (J=compiled Java code, j=interpreted, Vv=VM code, C=native code)
C  [libobjc.A.dylib+0x6769]  objc_msgSend+0x29
C  [AppKit+0x6e619e]  __58-[_NSTrackingAreaAKManager _activeTrackingAreasNeedUpdate]_block_invoke+0x138
C  [AppKit+0x6f0b07]  ___NSMainRunLoopPerformBlockInModes_block_invoke+0x19
C  [CoreFoundation+0x7c54e]  __CFRUNLOOP_IS_CALLING_OUT_TO_A_BLOCK__+0xc
C  [CoreFoundation+0x7c48b]  __CFRunLoopDoBlocks+0x18c
C  [CoreFoundation+0x7b31f]  __CFRunLoopRun+0x3a9
C  [CoreFoundation+0x7a91c]  CFRunLoopRunSpecific+0x230
C  [HIToolbox+0x2ef3d]  RunCurrentEventLoopInMode+0x124
C  [HIToolbox+0x2ed4e]  ReceiveNextEventCommon+0x291
C  [HIToolbox+0x2eaa8]  _BlockUntilNextEventMatchingListInModeWithFilter+0x40
C  [AppKit+0x3e25c]  _DPSNextEvent+0x35a
C  [AppKit+0x3d106]  -[NSApplication(NSEvent) _nextEventMatchingEventMask:untilDate:inMode:dequeue:]+0x4be
C  [libosxapp.dylib+0x2cbd]  -[NSApplicationAWT nextEventMatchingMask:untilDate:inMode:dequeue:]+0x79
C  [AppKit+0x2f788]  -[NSApplication run]+0x24a
C  [libosxapp.dylib+0x2b02]  +[NSApplicationAWT runAWTLoopWithApp:]+0xde
C  [libawt_lwawt.dylib+0x440b8]  -[AWTStarter starter:]+0x365
C  [Foundation+0x7f773]  __NSThreadPerformPerform+0xb1
C  [CoreFoundation+0x7c906]  __CFRUNLOOP_IS_CALLING_OUT_TO_A_SOURCE0_PERFORM_FUNCTION__+0x11
C  [CoreFoundation+0x7c8a9]  __CFRunLoopDoSource0+0x9d
C  [CoreFoundation+0x7c686]  __CFRunLoopDoSources0+0xd9
C  [CoreFoundation+0x7b30a]  __CFRunLoopRun+0x394
C  [CoreFoundation+0x7a91c]  CFRunLoopRunSpecific+0x230
C  [java+0x4e54]  CreateExecutionEnvironment+0x376
C  [java+0x13a3]  JLI_Launch+0x7a3
C  [java+0x777a]  main+0x4c
C  0x000000020078e41f
C  0x0000000000000000


---------------  P R O C E S S  ---------------

Java Threads: ( => current thread )
  0x00007f9065ae4000 JavaThread "AWT-Shutdown" [_thread_blocked, id=65359, stack(0x0000000306402000,0x0000000306502000)]
  0x00007f9066829000 JavaThread "LWJGL Application" [_thread_in_native, id=126491, stack(0x00000003068ac000,0x00000003069ac000)]
=>0x00007f906704a000 JavaThread "AppKit Thread" daemon [_thread_in_native, id=259, stack(0x00000003044a9000,0x0000000304ca9000)]
  0x00007f90b6375800 JavaThread "com.google.inject.internal.util.$Finalizer" daemon [_thread_blocked, id=26443, stack(0x00000003062ff000,0x00000003063ff000)]
  0x00007f90b6a4e800 JavaThread "EMF Reference Cleaner" daemon [_thread_blocked, id=29547, stack(0x00000003061fc000,0x00000003062fc000)]
  0x00007f90b5835000 JavaThread "Service Thread" daemon [_thread_blocked, id=23559, stack(0x0000000305ff6000,0x00000003060f6000)]
  0x00007f90b802d000 JavaThread "C1 CompilerThread3" daemon [_thread_blocked, id=31491, stack(0x0000000305ef3000,0x0000000305ff3000)]
  0x00007f90b6832800 JavaThread "C2 CompilerThread2" daemon [_thread_blocked, id=31747, stack(0x0000000305df0000,0x0000000305ef0000)]
  0x00007f90b6831800 JavaThread "C2 CompilerThread1" daemon [_thread_blocked, id=32259, stack(0x0000000305ced000,0x0000000305ded000)]
  0x00007f90b5834000 JavaThread "C2 CompilerThread0" daemon [_thread_blocked, id=22275, stack(0x0000000305bea000,0x0000000305cea000)]
  0x00007f90b682f800 JavaThread "Signal Dispatcher" daemon [_thread_blocked, id=22019, stack(0x0000000305ae7000,0x0000000305be7000)]
  0x00007f90b8026800 JavaThread "Finalizer" daemon [_thread_blocked, id=20259, stack(0x000000030584e000,0x000000030594e000)]
  0x00007f90b8025800 JavaThread "Reference Handler" daemon [_thread_blocked, id=20771, stack(0x000000030574b000,0x000000030584b000)]
  0x00007f90b680d000 JavaThread "main" [_thread_blocked, id=9219, stack(0x0000000304d2d000,0x0000000304e2d000)]

Other Threads:
  0x00007f90b8021000 VMThread [stack: 0x0000000305648000,0x0000000305748000] [id=21251]
  0x00007f9086010800 WatcherThread [stack: 0x00000003060f9000,0x00000003061f9000] [id=30979]

VM state:not at safepoint (normal execution)

VM Mutex/Monitor currently owned by a thread: None

heap address: 0x00000006c0000000, size: 4096 MB, Compressed Oops mode: Zero based, Oop shift amount: 3
Narrow klass base: 0x0000000000000000, Narrow klass shift: 3
Compressed class space size: 1073741824 Address: 0x00000007c0000000

Heap:
 PSYoungGen      total 541184K, used 214756K [0x000000076ab00000, 0x000000078e180000, 0x00000007c0000000)
  eden space 532992K, 40% used [0x000000076ab00000,0x0000000777c79160,0x000000078b380000)
  from space 8192K, 3% used [0x000000078d980000,0x000000078d9c0000,0x000000078e180000)
  to   space 23552K, 0% used [0x000000078b380000,0x000000078b380000,0x000000078ca80000)
 ParOldGen       total 109568K, used 18713K [0x00000006c0000000, 0x00000006c6b00000, 0x000000076ab00000)
  object space 109568K, 17% used [0x00000006c0000000,0x00000006c1246738,0x00000006c6b00000)
 Metaspace       used 25092K, capacity 25533K, committed 25728K, reserved 1071104K
  class space    used 2982K, capacity 3103K, committed 3200K, reserved 1048576K

Card table byte_map: [0x0000000108f3a000,0x000000010973b000] byte_map_base: 0x000000010593a000

Marking Bits: (ParMarkBitMap*) 0x0000000109f770d8
 Begin Bits: [0x000000011ac24000, 0x000000011ec24000)
 End Bits:   [0x000000011ec24000, 0x0000000122c24000)

Polling page: 0x0000000108a68000

CodeCache: size=245760Kb used=14431Kb max_used=16075Kb free=231328Kb
 bounds [0x000000010b6ce000, 0x000000010c6fe000, 0x000000011a6ce000]
 total_blobs=4582 nmethods=4002 adapters=492
 compilation: enabled

Compilation events (10 events):
Event: 10.668 Thread 0x00007f90b6831800 4777       4       java.util.regex.Pattern$Node::study (21 bytes)
Event: 10.669 Thread 0x00007f90b6831800 nmethod 4777 0x000000010ba920d0 code [0x000000010ba92240, 0x000000010ba92348]
Event: 10.676 Thread 0x00007f90b802d000 4778       3       wollok.lang.Closure$2::apply (9 bytes)
Event: 10.676 Thread 0x00007f90b802d000 nmethod 4778 0x000000010bd33a10 code [0x000000010bd33ba0, 0x000000010bd33f28]
Event: 10.676 Thread 0x00007f90b802d000 4779       3       wollok.lang.Closure$2::apply (7 bytes)
Event: 10.676 Thread 0x00007f90b802d000 nmethod 4779 0x000000010bd870d0 code [0x000000010bd87240, 0x000000010bd87468]
Event: 10.789 Thread 0x00007f90b5834000 4780       4       java.util.regex.Pattern::closure (477 bytes)
Event: 10.799 Thread 0x00007f90b5834000 nmethod 4780 0x000000010c0154d0 code [0x000000010c015820, 0x000000010c016718]
Event: 10.908 Thread 0x00007f90b6832800 4781       4       java.nio.DirectByteBuffer::put (18 bytes)
Event: 10.909 Thread 0x00007f90b6832800 nmethod 4781 0x000000010be66350 code [0x000000010be664a0, 0x000000010be66558]

GC Heap History (10 events):
Event: 5.658 GC heap before
{Heap before GC invocations=5 (full 1):
 PSYoungGen      total 141824K, used 131072K [0x000000076ab00000, 0x000000077c000000, 0x00000007c0000000)
  eden space 131072K, 100% used [0x000000076ab00000,0x0000000772b00000,0x0000000772b00000)
  from space 10752K, 0% used [0x0000000772b00000,0x0000000772b00000,0x0000000773580000)
  to   space 10752K, 0% used [0x000000077b580000,0x000000077b580000,0x000000077c000000)
 ParOldGen       total 109568K, used 17610K [0x00000006c0000000, 0x00000006c6b00000, 0x000000076ab00000)
  object space 109568K, 16% used [0x00000006c0000000,0x00000006c1132980,0x00000006c6b00000)
 Metaspace       used 24862K, capacity 25287K, committed 25472K, reserved 1071104K
  class space    used 2972K, capacity 3094K, committed 3200K, reserved 1048576K
Event: 5.664 GC heap after
Heap after GC invocations=5 (full 1):
 PSYoungGen      total 222208K, used 3020K [0x000000076ab00000, 0x000000077b880000, 0x00000007c0000000)
  eden space 219136K, 0% used [0x000000076ab00000,0x000000076ab00000,0x0000000778100000)
  from space 3072K, 98% used [0x000000077b580000,0x000000077b873290,0x000000077b880000)
  to   space 10752K, 0% used [0x000000077a380000,0x000000077a380000,0x000000077ae00000)
 ParOldGen       total 109568K, used 17610K [0x00000006c0000000, 0x00000006c6b00000, 0x000000076ab00000)
  object space 109568K, 16% used [0x00000006c0000000,0x00000006c1132980,0x00000006c6b00000)
 Metaspace       used 24862K, capacity 25287K, committed 25472K, reserved 1071104K
  class space    used 2972K, capacity 3094K, committed 3200K, reserved 1048576K
}
Event: 6.630 GC heap before
{Heap before GC invocations=6 (full 1):
 PSYoungGen      total 222208K, used 222156K [0x000000076ab00000, 0x000000077b880000, 0x00000007c0000000)
  eden space 219136K, 100% used [0x000000076ab00000,0x0000000778100000,0x0000000778100000)
  from space 3072K, 98% used [0x000000077b580000,0x000000077b873290,0x000000077b880000)
  to   space 10752K, 0% used [0x000000077a380000,0x000000077a380000,0x000000077ae00000)
 ParOldGen       total 109568K, used 17610K [0x00000006c0000000, 0x00000006c6b00000, 0x000000076ab00000)
  object space 109568K, 16% used [0x00000006c0000000,0x00000006c1132980,0x00000006c6b00000)
 Metaspace       used 24967K, capacity 25375K, committed 25728K, reserved 1071104K
  class space    used 2975K, capacity 3098K, committed 3200K, reserved 1048576K
Event: 6.635 GC heap after
Heap after GC invocations=6 (full 1):
 PSYoungGen      total 265216K, used 1230K [0x000000076ab00000, 0x0000000783680000, 0x00000007c0000000)
  eden space 254464K, 0% used [0x000000076ab00000,0x000000076ab00000,0x000000077a380000)
  from space 10752K, 11% used [0x000000077a380000,0x000000077a4b3890,0x000000077ae00000)
  to   space 24064K, 0% used [0x0000000781f00000,0x0000000781f00000,0x0000000783680000)
 ParOldGen       total 109568K, used 17618K [0x00000006c0000000, 0x00000006c6b00000, 0x000000076ab00000)
  object space 109568K, 16% used [0x00000006c0000000,0x00000006c1134980,0x00000006c6b00000)
 Metaspace       used 24967K, capacity 25375K, committed 25728K, reserved 1071104K
  class space    used 2975K, capacity 3098K, committed 3200K, reserved 1048576K
}
Event: 7.573 GC heap before
{Heap before GC invocations=7 (full 1):
 PSYoungGen      total 265216K, used 255694K [0x000000076ab00000, 0x0000000783680000, 0x00000007c0000000)
  eden space 254464K, 100% used [0x000000076ab00000,0x000000077a380000,0x000000077a380000)
  from space 10752K, 11% used [0x000000077a380000,0x000000077a4b3890,0x000000077ae00000)
  to   space 24064K, 0% used [0x0000000781f00000,0x0000000781f00000,0x0000000783680000)
 ParOldGen       total 109568K, used 17618K [0x00000006c0000000, 0x00000006c6b00000, 0x000000076ab00000)
  object space 109568K, 16% used [0x00000006c0000000,0x00000006c1134980,0x00000006c6b00000)
 Metaspace       used 24995K, capacity 25439K, committed 25728K, reserved 1071104K
  class space    used 2977K, capacity 3098K, committed 3200K, reserved 1048576K
Event: 7.579 GC heap after
Heap after GC invocations=7 (full 1):
 PSYoungGen      total 380416K, used 1198K [0x000000076ab00000, 0x0000000786500000, 0x00000007c0000000)
  eden space 356352K, 0% used [0x000000076ab00000,0x000000076ab00000,0x0000000780700000)
  from space 24064K, 4% used [0x0000000781f00000,0x000000078202b890,0x0000000783680000)
  to   space 24576K, 0% used [0x0000000780700000,0x0000000780700000,0x0000000781f00000)
 ParOldGen       total 109568K, used 17626K [0x00000006c0000000, 0x00000006c6b00000, 0x000000076ab00000)
  object space 109568K, 16% used [0x00000006c0000000,0x00000006c1136980,0x00000006c6b00000)
 Metaspace       used 24995K, capacity 25439K, committed 25728K, reserved 1071104K
  class space    used 2977K, capacity 3098K, committed 3200K, reserved 1048576K
}
Event: 8.883 GC heap before
{Heap before GC invocations=8 (full 1):
 PSYoungGen      total 380416K, used 357550K [0x000000076ab00000, 0x0000000786500000, 0x00000007c0000000)
  eden space 356352K, 100% used [0x000000076ab00000,0x0000000780700000,0x0000000780700000)
  from space 24064K, 4% used [0x0000000781f00000,0x000000078202b890,0x0000000783680000)
  to   space 24576K, 0% used [0x0000000780700000,0x0000000780700000,0x0000000781f00000)
 ParOldGen       total 109568K, used 17626K [0x00000006c0000000, 0x00000006c6b00000, 0x000000076ab00000)
  object space 109568K, 16% used [0x00000006c0000000,0x00000006c1136980,0x00000006c6b00000)
 Metaspace       used 25029K, capacity 25445K, committed 25728K, reserved 1071104K
  class space    used 2979K, capacity 3099K, committed 3200K, reserved 1048576K
Event: 8.889 GC heap after
Heap after GC invocations=8 (full 1):
 PSYoungGen      total 380928K, used 1262K [0x000000076ab00000, 0x000000078f100000, 0x00000007c0000000)
  eden space 356352K, 0% used [0x000000076ab00000,0x000000076ab00000,0x0000000780700000)
  from space 24576K, 5% used [0x0000000780700000,0x000000078083b890,0x0000000781f00000)
  to   space 24064K, 0% used [0x000000078d980000,0x000000078d980000,0x000000078f100000)
 ParOldGen       total 109568K, used 17626K [0x00000006c0000000, 0x00000006c6b00000, 0x000000076ab00000)
  object space 109568K, 16% used [0x00000006c0000000,0x00000006c1136980,0x00000006c6b00000)
 Metaspace       used 25029K, capacity 25445K, committed 25728K, reserved 1071104K
  class space    used 2979K, capacity 3099K, committed 3200K, reserved 1048576K
}
Event: 10.172 GC heap before
{Heap before GC invocations=9 (full 1):
 PSYoungGen      total 380928K, used 357614K [0x000000076ab00000, 0x000000078f100000, 0x00000007c0000000)
  eden space 356352K, 100% used [0x000000076ab00000,0x0000000780700000,0x0000000780700000)
  from space 24576K, 5% used [0x0000000780700000,0x000000078083b890,0x0000000781f00000)
  to   space 24064K, 0% used [0x000000078d980000,0x000000078d980000,0x000000078f100000)
 ParOldGen       total 109568K, used 17626K [0x00000006c0000000, 0x00000006c6b00000, 0x000000076ab00000)
  object space 109568K, 16% used [0x00000006c0000000,0x00000006c1136980,0x00000006c6b00000)
 Metaspace       used 25076K, capacity 25515K, committed 25728K, reserved 1071104K
  class space    used 2980K, capacity 3100K, committed 3200K, reserved 1048576K
Event: 10.177 GC heap after
Heap after GC invocations=9 (full 1):
 PSYoungGen      total 541184K, used 256K [0x000000076ab00000, 0x000000078e180000, 0x00000007c0000000)
  eden space 532992K, 0% used [0x000000076ab00000,0x000000076ab00000,0x000000078b380000)
  from space 8192K, 3% used [0x000000078d980000,0x000000078d9c0000,0x000000078e180000)
  to   space 23552K, 0% used [0x000000078b380000,0x000000078b380000,0x000000078ca80000)
 ParOldGen       total 109568K, used 18713K [0x00000006c0000000, 0x00000006c6b00000, 0x000000076ab00000)
  object space 109568K, 17% used [0x00000006c0000000,0x00000006c1246738,0x00000006c6b00000)
 Metaspace       used 25076K, capacity 25515K, committed 25728K, reserved 1071104K
  class space    used 2980K, capacity 3100K, committed 3200K, reserved 1048576K
}

Deoptimization events (10 events):
Event: 6.948 Thread 0x00007f9066829000 Uncommon trap: reason=null_check action=make_not_entrant pc=0x000000010bb109a4 method=org.eclipse.xtext.resource.impl.ResourceDescriptionsProvider.getResourceDescriptions(Lorg/eclipse/emf/ecore/resource/ResourceSet;)Lorg/eclipse/xtext/resource/IResourceDe
Event: 6.961 Thread 0x00007f9066829000 Uncommon trap: reason=null_check action=make_not_entrant pc=0x000000010b9043ec method=org.eclipse.xtext.resource.impl.ResourceDescriptionsProvider.getResourceDescriptions(Lorg/eclipse/emf/ecore/resource/ResourceSet;)Lorg/eclipse/xtext/resource/IResourceDe
Event: 7.580 Thread 0x00007f9066829000 Uncommon trap: reason=unstable_if action=reinterpret pc=0x000000010c4a9734 method=org.eclipse.emf.common.util.Pool.access(ZLorg/eclipse/emf/common/util/Pool$AccessUnit;)V @ 48
Event: 7.581 Thread 0x00007f9066829000 Uncommon trap: reason=unstable_if action=reinterpret pc=0x000000010c2f28c8 method=java.util.concurrent.locks.AbstractQueuedSynchronizer.acquire(I)V @ 5
Event: 8.253 Thread 0x00007f9066829000 Uncommon trap: reason=class_check action=maybe_recompile pc=0x000000010c51cb70 method=org.uqbar.project.wollok.model.WMethodContainerExtensions.matches(Lorg/uqbar/project/wollok/wollokDsl/WMethodDeclaration;Ljava/lang/String;Ljava/util/List;)Z @ 3
Event: 8.253 Thread 0x00007f9066829000 Uncommon trap: reason=class_check action=maybe_recompile pc=0x000000010c51cb70 method=org.uqbar.project.wollok.model.WMethodContainerExtensions.matches(Lorg/uqbar/project/wollok/wollokDsl/WMethodDeclaration;Ljava/lang/String;Ljava/util/List;)Z @ 3
Event: 8.253 Thread 0x00007f9066829000 Uncommon trap: reason=class_check action=maybe_recompile pc=0x000000010c51cb70 method=org.uqbar.project.wollok.model.WMethodContainerExtensions.matches(Lorg/uqbar/project/wollok/wollokDsl/WMethodDeclaration;Ljava/lang/String;Ljava/util/List;)Z @ 3
Event: 8.253 Thread 0x00007f9066829000 Uncommon trap: reason=class_check action=maybe_recompile pc=0x000000010c51cb70 method=org.uqbar.project.wollok.model.WMethodContainerExtensions.matches(Lorg/uqbar/project/wollok/wollokDsl/WMethodDeclaration;Ljava/lang/String;Ljava/util/List;)Z @ 3
Event: 8.253 Thread 0x00007f9066829000 Uncommon trap: reason=class_check action=maybe_recompile pc=0x000000010c51b1d8 method=org.uqbar.project.wollok.model.WMethodContainerExtensions.matches(Lorg/uqbar/project/wollok/wollokDsl/WMethodDeclaration;Ljava/lang/String;Ljava/util/List;)Z @ 3
Event: 8.255 Thread 0x00007f9066829000 Uncommon trap: reason=unstable_if action=reinterpret pc=0x000000010c523260 method=org.uqbar.project.wollok.model.WMethodContainerExtensions.matches(Lorg/uqbar/project/wollok/wollokDsl/WMethodDeclaration;Ljava/lang/String;IZ)Z @ 7

Classes redefined (0 events):
No events

Internal exceptions (10 events):
Event: 5.082 Thread 0x00007f90b680d000 Exception <a 'java/io/FileNotFoundException'> (0x00000007714143e8) thrown at [/Users/jenkins/workspace/build-scripts/jobs/release/jobs/jdk8u/jdk8u-release-mac-x64-temurin/workspace/build/src/hotspot/src/share/vm/prims/jni.cpp, line 709]
Event: 5.113 Thread 0x00007f90b680d000 Exception <a 'java/security/PrivilegedActionException'> (0x0000000771439888) thrown at [/Users/jenkins/workspace/build-scripts/jobs/release/jobs/jdk8u/jdk8u-release-mac-x64-temurin/workspace/build/src/hotspot/src/share/vm/prims/jvm.cpp, line 1514]
Event: 5.113 Thread 0x00007f90b680d000 Exception <a 'java/security/PrivilegedActionException'> (0x000000077143adb8) thrown at [/Users/jenkins/workspace/build-scripts/jobs/release/jobs/jdk8u/jdk8u-release-mac-x64-temurin/workspace/build/src/hotspot/src/share/vm/prims/jvm.cpp, line 1514]
Event: 5.113 Thread 0x00007f90b680d000 Exception <a 'java/security/PrivilegedActionException'> (0x000000077143c1e8) thrown at [/Users/jenkins/workspace/build-scripts/jobs/release/jobs/jdk8u/jdk8u-release-mac-x64-temurin/workspace/build/src/hotspot/src/share/vm/prims/jvm.cpp, line 1514]
Event: 5.113 Thread 0x00007f90b680d000 Exception <a 'java/security/PrivilegedActionException'> (0x000000077143d8a8) thrown at [/Users/jenkins/workspace/build-scripts/jobs/release/jobs/jdk8u/jdk8u-release-mac-x64-temurin/workspace/build/src/hotspot/src/share/vm/prims/jvm.cpp, line 1514]
Event: 5.113 Thread 0x00007f90b680d000 Exception <a 'java/security/PrivilegedActionException'> (0x000000077143eca0) thrown at [/Users/jenkins/workspace/build-scripts/jobs/release/jobs/jdk8u/jdk8u-release-mac-x64-temurin/workspace/build/src/hotspot/src/share/vm/prims/jvm.cpp, line 1514]
Event: 5.113 Thread 0x00007f90b680d000 Exception <a 'java/security/PrivilegedActionException'> (0x0000000771440068) thrown at [/Users/jenkins/workspace/build-scripts/jobs/release/jobs/jdk8u/jdk8u-release-mac-x64-temurin/workspace/build/src/hotspot/src/share/vm/prims/jvm.cpp, line 1514]
Event: 5.509 Thread 0x00007f9066829000 Implicit null exception at 0x000000010c3824ad to 0x000000010c382595
Event: 5.509 Thread 0x00007f9066829000 Implicit null exception at 0x000000010c3805b3 to 0x000000010c380b19
Event: 6.218 Thread 0x00007f9066829000 Implicit null exception at 0x000000010c6049bf to 0x000000010c604c11

Events (10 events):
Event: 10.171 Executing VM operation: ParallelGCFailedAllocation
Event: 10.177 Executing VM operation: ParallelGCFailedAllocation done
Event: 10.904 loading class com/badlogic/gdx/backends/lwjgl/LwjglApplication$2
Event: 10.904 loading class com/badlogic/gdx/backends/lwjgl/LwjglApplication$2 done
Event: 10.907 loading class org/lwjgl/opengl/CallbackUtil
Event: 10.907 loading class org/lwjgl/opengl/CallbackUtil done
Event: 10.921 Executing VM operation: RevokeBias
Event: 10.922 Executing VM operation: RevokeBias done
Event: 10.922 Executing VM operation: RevokeBias
Event: 10.922 Executing VM operation: RevokeBias done


Dynamic libraries:
0x00007ff827580000 	/System/Library/Frameworks/Cocoa.framework/Versions/A/Cocoa
0x00007ff810bba000 	/System/Library/Frameworks/AppKit.framework/Versions/C/AppKit
0x00007ff8138c1000 	/System/Library/Frameworks/CoreData.framework/Versions/A/CoreData
0x00007ff80e989000 	/System/Library/Frameworks/Foundation.framework/Versions/C/Foundation
0x00007ff81a02c000 	/usr/lib/libSystem.B.dylib
0x00007ff811bc2000 	/System/Library/PrivateFrameworks/UIFoundation.framework/Versions/A/UIFoundation
0x00007ffb105ae000 	/System/Library/PrivateFrameworks/CollectionViewCore.framework/Versions/A/CollectionViewCore
0x00007ff821493000 	/System/Library/PrivateFrameworks/RemoteViewServices.framework/Versions/A/RemoteViewServices
0x00007ff817e24000 	/System/Library/PrivateFrameworks/XCTTargetBootstrap.framework/Versions/A/XCTTargetBootstrap
0x00007ff81cf70000 	/System/Library/PrivateFrameworks/InternationalSupport.framework/Versions/A/InternationalSupport
0x00007ff81cff9000 	/System/Library/PrivateFrameworks/UserActivity.framework/Versions/A/UserActivity
0x00007ffb27523000 	/System/Library/PrivateFrameworks/WindowManagement.framework/Versions/A/WindowManagement
0x00007ff80e678000 	/System/Library/Frameworks/SystemConfiguration.framework/Versions/A/SystemConfiguration
0x00007ff81c350000 	/usr/lib/libspindump.dylib
0x00007ff811d90000 	/System/Library/Frameworks/UniformTypeIdentifiers.framework/Versions/A/UniformTypeIdentifiers
0x00007ff815fe0000 	/usr/lib/libapp_launch_measurement.dylib
0x00007ff814d48000 	/System/Library/PrivateFrameworks/CoreAnalytics.framework/Versions/A/CoreAnalytics
0x00007ff815fe3000 	/System/Library/PrivateFrameworks/CoreAutoLayout.framework/Versions/A/CoreAutoLayout
0x00007ff817691000 	/System/Library/Frameworks/Metal.framework/Versions/A/Metal
0x00007ff8185ad000 	/usr/lib/liblangid.dylib
0x00007ff817e29000 	/System/Library/PrivateFrameworks/CoreSVG.framework/Versions/A/CoreSVG
0x00007ff8126f7000 	/System/Library/PrivateFrameworks/SkyLight.framework/Versions/A/SkyLight
0x00007ff812aea000 	/System/Library/Frameworks/CoreGraphics.framework/Versions/A/CoreGraphics
0x00007ff821b79000 	/System/Library/Frameworks/Accelerate.framework/Versions/A/Accelerate
0x00007ff81bdc1000 	/System/Library/PrivateFrameworks/IconServices.framework/Versions/A/IconServices
0x00007ff817672000 	/System/Library/Frameworks/IOSurface.framework/Versions/A/IOSurface
0x00007ff814d73000 	/usr/lib/libDiagnosticMessagesClient.dylib
0x00007ff819f3d000 	/usr/lib/libz.1.dylib
0x00007ff825240000 	/System/Library/Frameworks/ApplicationServices.framework/Versions/A/ApplicationServices
0x00007ff817e10000 	/System/Library/PrivateFrameworks/DFRFoundation.framework/Versions/A/DFRFoundation
0x00007ff810485000 	/usr/lib/libicucore.A.dylib
0x00007ff81de0f000 	/System/Library/Frameworks/AudioToolbox.framework/Versions/A/AudioToolbox
0x00007ff81cf7b000 	/System/Library/PrivateFrameworks/DataDetectorsCore.framework/Versions/A/DataDetectorsCore
0x00007ff915539000 	/System/Library/PrivateFrameworks/TextInput.framework/Versions/A/TextInput
0x00007ff812660000 	/usr/lib/libMobileGestalt.dylib
0x00007ff817b18000 	/System/Library/Frameworks/Carbon.framework/Versions/A/Frameworks/HIToolbox.framework/Versions/A/HIToolbox
0x00007ff81596d000 	/System/Library/Frameworks/QuartzCore.framework/Versions/A/QuartzCore
0x00007ff8100f3000 	/System/Library/Frameworks/Security.framework/Versions/A/Security
0x00007ff8214cb000 	/System/Library/Frameworks/Carbon.framework/Versions/A/Frameworks/SpeechRecognition.framework/Versions/A/SpeechRecognition
0x00007ff815d1f000 	/System/Library/PrivateFrameworks/CoreUI.framework/Versions/A/CoreUI
0x00007ff80fa41000 	/System/Library/Frameworks/CoreAudio.framework/Versions/A/CoreAudio
0x00007ff814e4c000 	/System/Library/Frameworks/DiskArbitration.framework/Versions/A/DiskArbitration
0x00007ff81c76c000 	/System/Library/PrivateFrameworks/MultitouchSupport.framework/Versions/A/MultitouchSupport
0x00007ff81265f000 	/usr/lib/libenergytrace.dylib
0x00007ff810a9a000 	/System/Library/Frameworks/IOKit.framework/Versions/A/IOKit
0x00007ff8218c8000 	/System/Library/Frameworks/CoreServices.framework/Versions/A/CoreServices
0x00007ff815f78000 	/System/Library/PrivateFrameworks/PerformanceAnalysis.framework/Versions/A/PerformanceAnalysis
0x00007ffa2588f000 	/System/Library/Frameworks/OpenGL.framework/Versions/A/OpenGL
0x00007ff81602b000 	/usr/lib/libxml2.2.dylib
0x00007ff8193d6000 	/System/Library/PrivateFrameworks/MobileKeyBag.framework/Versions/A/MobileKeyBag
0x00007ff80d788000 	/usr/lib/libobjc.A.dylib
0x00007ff80da52000 	/usr/lib/libc++.1.dylib
0x00007ff8132f7000 	/System/Library/Frameworks/ColorSync.framework/Versions/A/ColorSync
0x00007ff80db82000 	/System/Library/Frameworks/CoreFoundation.framework/Versions/A/CoreFoundation
0x00007ff818179000 	/System/Library/Frameworks/CoreImage.framework/Versions/A/CoreImage
0x00007ff80f84f000 	/System/Library/Frameworks/CoreText.framework/Versions/A/CoreText
0x00007ff817e60000 	/System/Library/Frameworks/ImageIO.framework/Versions/A/ImageIO
0x00007ff81a032000 	/System/Library/PrivateFrameworks/SoftLinking.framework/Versions/A/SoftLinking
0x00007ff81a2b3000 	/usr/lib/libcompression.dylib
0x00007ff81cea9000 	/System/Library/PrivateFrameworks/TextureIO.framework/Versions/A/TextureIO
0x00007ff81b9eb000 	/usr/lib/libate.dylib
0x00007ff81a026000 	/usr/lib/system/libcache.dylib
0x00007ff819fdd000 	/usr/lib/system/libcommonCrypto.dylib
0x00007ff81a00a000 	/usr/lib/system/libcompiler_rt.dylib
0x00007ff819ffc000 	/usr/lib/system/libcopyfile.dylib
0x00007ff80d8bb000 	/usr/lib/system/libcorecrypto.dylib
0x00007ff80d97f000 	/usr/lib/system/libdispatch.dylib
0x00007ff80db29000 	/usr/lib/system/libdyld.dylib
0x00007ff81a01c000 	/usr/lib/system/libkeymgr.dylib
0x00007ff819fbc000 	/usr/lib/system/libmacho.dylib
0x00007ff8194c4000 	/usr/lib/system/libquarantine.dylib
0x00007ff81a01a000 	/usr/lib/system/libremovefile.dylib
0x00007ff8126c5000 	/usr/lib/system/libsystem_asl.dylib
0x00007ff80d85c000 	/usr/lib/system/libsystem_blocks.dylib
0x00007ff80d9ca000 	/usr/lib/system/libsystem_c.dylib
0x00007ff81a012000 	/usr/lib/system/libsystem_collections.dylib
0x00007ff81859e000 	/usr/lib/system/libsystem_configuration.dylib
0x00007ff817643000 	/usr/lib/system/libsystem_containermanager.dylib
0x00007ff819c70000 	/usr/lib/system/libsystem_coreservices.dylib
0x00007ff810716000 	/usr/lib/system/libsystem_darwin.dylib
0x00007ff81a01d000 	/usr/lib/system/libsystem_dnssd.dylib
0x00007ff80d9c7000 	/usr/lib/system/libsystem_featureflags.dylib
0x00007ff80db57000 	/usr/lib/system/libsystem_info.dylib
0x00007ff819f50000 	/usr/lib/system/libsystem_m.dylib
0x00007ff80d952000 	/usr/lib/system/libsystem_malloc.dylib
0x00007ff812648000 	/usr/lib/system/libsystem_networkextension.dylib
0x00007ff810b58000 	/usr/lib/system/libsystem_notify.dylib
0x00007ff8185a2000 	/usr/lib/system/libsystem_sandbox.dylib
0x00007ff81a017000 	/usr/lib/system/libsystem_secinit.dylib
0x00007ff80dae3000 	/usr/lib/system/libsystem_kernel.dylib
0x00007ff80db4d000 	/usr/lib/system/libsystem_platform.dylib
0x00007ff80db1d000 	/usr/lib/system/libsystem_pthread.dylib
0x00007ff81410a000 	/usr/lib/system/libsystem_symptoms.dylib
0x00007ff80d8a1000 	/usr/lib/system/libsystem_trace.dylib
0x00007ff819fe9000 	/usr/lib/system/libunwind.dylib
0x00007ff80d860000 	/usr/lib/system/libxpc.dylib
0x00007ff80dace000 	/usr/lib/libc++abi.dylib
0x00007ff819ff4000 	/usr/lib/liboah.dylib
0x00007ff81b778000 	/usr/lib/liblzma.5.dylib
0x00007ff81a02e000 	/usr/lib/libfakelink.dylib
0x00007ff8122a8000 	/System/Library/Frameworks/CFNetwork.framework/Versions/A/CFNetwork
0x00007ff81a16b000 	/usr/lib/libarchive.2.dylib
0x00007ff81f761000 	/System/Library/Frameworks/Combine.framework/Versions/A/Combine
0x00007ff81d8ab000 	/usr/lib/swift/libswiftCore.dylib
0x00007ff912504000 	/usr/lib/swift/libswiftCoreFoundation.dylib
0x00007ff9105c7000 	/usr/lib/swift/libswiftDarwin.dylib
0x00007ff82311a000 	/usr/lib/swift/libswiftDispatch.dylib
0x00007ff912520000 	/usr/lib/swift/libswiftIOKit.dylib
0x00007ff82567f000 	/usr/lib/swift/libswiftObjectiveC.dylib
0x00007ff912515000 	/usr/lib/swift/libswiftXPC.dylib
0x00007ffc0e051000 	/usr/lib/swift/libswift_Concurrency.dylib
0x00007ffc0e18e000 	/usr/lib/swift/libswift_StringProcessing.dylib
0x00007ff825683000 	/usr/lib/swift/libswiftos.dylib
0x00007ff810a1d000 	/System/Library/PrivateFrameworks/CoreServicesInternal.framework/Versions/A/CoreServicesInternal
0x00007ff8194eb000 	/usr/lib/libbsm.0.dylib
0x00007ff819fc1000 	/usr/lib/system/libkxld.dylib
0x00007ff815fac000 	/System/Library/Frameworks/CoreServices.framework/Versions/A/Frameworks/FSEvents.framework/Versions/A/FSEvents
0x00007ff810721000 	/System/Library/Frameworks/CoreServices.framework/Versions/A/Frameworks/CarbonCore.framework/Versions/A/CarbonCore
0x00007ff814db6000 	/System/Library/Frameworks/CoreServices.framework/Versions/A/Frameworks/Metadata.framework/Versions/A/Metadata
0x00007ff819c76000 	/System/Library/Frameworks/CoreServices.framework/Versions/A/Frameworks/OSServices.framework/Versions/A/OSServices
0x00007ff81a1f3000 	/System/Library/Frameworks/CoreServices.framework/Versions/A/Frameworks/SearchKit.framework/Versions/A/SearchKit
0x00007ff81408e000 	/System/Library/Frameworks/CoreServices.framework/Versions/A/Frameworks/AE.framework/Versions/A/AE
0x00007ff80e01d000 	/System/Library/Frameworks/CoreServices.framework/Versions/A/Frameworks/LaunchServices.framework/Versions/A/LaunchServices
0x00007ff81b729000 	/System/Library/Frameworks/CoreServices.framework/Versions/A/Frameworks/DictionaryServices.framework/Versions/A/DictionaryServices
0x00007ff815fb9000 	/System/Library/Frameworks/CoreServices.framework/Versions/A/Frameworks/SharedFileList.framework/Versions/A/SharedFileList
0x00007ff81a27d000 	/usr/lib/libapple_nghttp2.dylib
0x00007ff8122a4000 	/usr/lib/libnetwork.dylib
0x00007ff813d40000 	/usr/lib/libsqlite3.dylib
0x00007ff814112000 	/System/Library/Frameworks/Network.framework/Versions/A/Network
0x00007ffb2cf50000 	/usr/lib/libCoreEntitlements.dylib
0x00007ffb1a04f000 	/System/Library/PrivateFrameworks/MessageSecurity.framework/Versions/A/MessageSecurity
0x00007ff813d27000 	/System/Library/PrivateFrameworks/ProtocolBuffer.framework/Versions/A/ProtocolBuffer
0x00007ff819b92000 	/System/Library/PrivateFrameworks/AppleFSCompression.framework/Versions/A/AppleFSCompression
0x00007ff8194d3000 	/usr/lib/libcoretls.dylib
0x00007ff81b791000 	/usr/lib/libcoretls_cfhelpers.dylib
0x00007ff81a2ad000 	/usr/lib/libpam.2.dylib
0x00007ff81b804000 	/usr/lib/libxar.1.dylib
0x00007ff81bd9d000 	/usr/lib/libheimdal-asn1.dylib
0x00007ff81a033000 	/usr/lib/libpcap.A.dylib
0x00007ff814101000 	/usr/lib/libdns_services.dylib
0x00007ff8185a9000 	/System/Library/PrivateFrameworks/AppleSystemInfo.framework/Versions/A/AppleSystemInfo
0x00007ff8191dd000 	/System/Library/PrivateFrameworks/IOMobileFramebuffer.framework/Versions/A/IOMobileFramebuffer
0x00007ff819c61000 	/usr/lib/libbz2.1.0.dylib
0x00007ff8194c7000 	/usr/lib/libCheckFix.dylib
0x00007ff8126dc000 	/System/Library/PrivateFrameworks/TCC.framework/Versions/A/TCC
0x00007ff8185af000 	/System/Library/PrivateFrameworks/CoreNLP.framework/Versions/A/CoreNLP
0x00007ff814d75000 	/System/Library/PrivateFrameworks/MetadataUtilities.framework/Versions/A/MetadataUtilities
0x00007ff8194fc000 	/usr/lib/libmecab.dylib
0x00007ff80e6f8000 	/usr/lib/libCRFSuite.dylib
0x00007ff819555000 	/usr/lib/libgermantok.dylib
0x00007ff81a259000 	/usr/lib/libThaiTokenizer.dylib
0x00007ff814e54000 	/System/Library/Frameworks/Accelerate.framework/Versions/A/Frameworks/vImage.framework/Versions/A/vImage
0x00007ff82189b000 	/System/Library/Frameworks/Accelerate.framework/Versions/A/Frameworks/vecLib.framework/Versions/A/vecLib
0x00007ff81b846000 	/System/Library/Frameworks/Accelerate.framework/Versions/A/Frameworks/vecLib.framework/Versions/A/libvMisc.dylib
0x00007ff818fd8000 	/System/Library/Frameworks/Accelerate.framework/Versions/A/Frameworks/vecLib.framework/Versions/A/libvDSP.dylib
0x00007ff80e3db000 	/System/Library/Frameworks/Accelerate.framework/Versions/A/Frameworks/vecLib.framework/Versions/A/libBLAS.dylib
0x00007ff81a391000 	/System/Library/Frameworks/Accelerate.framework/Versions/A/Frameworks/vecLib.framework/Versions/A/libLAPACK.dylib
0x00007ff819558000 	/System/Library/Frameworks/Accelerate.framework/Versions/A/Frameworks/vecLib.framework/Versions/A/libLinearAlgebra.dylib
0x00007ff81a298000 	/System/Library/Frameworks/Accelerate.framework/Versions/A/Frameworks/vecLib.framework/Versions/A/libSparseBLAS.dylib
0x00007ff81a38b000 	/System/Library/Frameworks/Accelerate.framework/Versions/A/Frameworks/vecLib.framework/Versions/A/libQuadrature.dylib
0x00007ff818695000 	/System/Library/Frameworks/Accelerate.framework/Versions/A/Frameworks/vecLib.framework/Versions/A/libBNNS.dylib
0x00007ff80e601000 	/System/Library/Frameworks/Accelerate.framework/Versions/A/Frameworks/vecLib.framework/Versions/A/libSparse.dylib
0x00007ffb19289000 	/System/Library/PrivateFrameworks/MIL.framework/Versions/A/MIL
0x00007ff81a068000 	/usr/lib/libiconv.2.dylib
0x00007ff819fbb000 	/usr/lib/libcharset.1.dylib
0x00007ff815f90000 	/System/Library/Frameworks/OpenDirectory.framework/Versions/A/Frameworks/CFOpenDirectory.framework/Versions/A/CFOpenDirectory
0x00007ff815f84000 	/System/Library/Frameworks/OpenDirectory.framework/Versions/A/OpenDirectory
0x00007ff81b793000 	/System/Library/PrivateFrameworks/APFS.framework/Versions/A/APFS
0x00007ff819409000 	/System/Library/Frameworks/SecurityFoundation.framework/Versions/A/SecurityFoundation
0x00007ff81b812000 	/usr/lib/libutil.dylib
0x00007ffb18200000 	/System/Library/PrivateFrameworks/InstalledContentLibrary.framework/Versions/A/InstalledContentLibrary
0x00007ff810a5d000 	/System/Library/PrivateFrameworks/CoreServicesStore.framework/Versions/A/CoreServicesStore
0x00007ffb0f14e000 	/System/Library/PrivateFrameworks/AppleMobileFileIntegrity.framework/Versions/A/AppleMobileFileIntegrity
0x00007ff9124e6000 	/usr/lib/libmis.dylib
0x00007ff920db9000 	/System/Library/PrivateFrameworks/MobileSystemServices.framework/Versions/A/MobileSystemServices
0x00007ffa1cb02000 	/System/Library/PrivateFrameworks/ConfigProfileHelper.framework/Versions/A/ConfigProfileHelper
0x00007ff81a25b000 	/System/Library/PrivateFrameworks/AppleSauce.framework/Versions/A/AppleSauce
0x00007ff80f312000 	/System/Library/PrivateFrameworks/LanguageModeling.framework/Versions/A/LanguageModeling
0x00007ff81b816000 	/usr/lib/libxslt.1.dylib
0x00007ff81a15a000 	/usr/lib/libcmph.dylib
0x00007ff8191ca000 	/System/Library/PrivateFrameworks/CoreEmoji.framework/Versions/A/CoreEmoji
0x00007ff818690000 	/System/Library/PrivateFrameworks/LinguisticData.framework/Versions/A/LinguisticData
0x00007ff80e5b8000 	/System/Library/PrivateFrameworks/Lexicon.framework/Versions/A/Lexicon
0x00007ff819497000 	/System/Library/PrivateFrameworks/BackgroundTaskManagement.framework/Versions/A/BackgroundTaskManagement
0x00007ffb2d092000 	/usr/lib/libTLE.dylib
0x00007ffc0e0d7000 	/usr/lib/swift/libswift_RegexParser.dylib
0x00007ff81c636000 	/System/Library/PrivateFrameworks/AppleJPEG.framework/Versions/A/AppleJPEG
0x00007ff81bd82000 	/usr/lib/libexpat.1.dylib
0x00007ff81cd06000 	/System/Library/Frameworks/ImageIO.framework/Versions/A/Resources/libPng.dylib
0x00007ff81cd33000 	/System/Library/Frameworks/ImageIO.framework/Versions/A/Resources/libTIFF.dylib
0x00007ff81ce23000 	/System/Library/Frameworks/ImageIO.framework/Versions/A/Resources/libGIF.dylib
0x00007ff81c681000 	/System/Library/Frameworks/ImageIO.framework/Versions/A/Resources/libJP2.dylib
0x00007ff81cdc3000 	/System/Library/Frameworks/ImageIO.framework/Versions/A/Resources/libJPEG.dylib
0x00007ff81cdba000 	/System/Library/Frameworks/ImageIO.framework/Versions/A/Resources/libRadiance.dylib
0x00007ff8179b1000 	/System/Library/PrivateFrameworks/FontServices.framework/libFontParser.dylib
0x00007ff814033000 	/System/Library/PrivateFrameworks/RunningBoardServices.framework/Versions/A/RunningBoardServices
0x00007ff827c2d000 	/System/Library/PrivateFrameworks/IOSurfaceAccelerator.framework/Versions/A/IOSurfaceAccelerator
0x00007ff81c768000 	/System/Library/PrivateFrameworks/WatchdogClient.framework/Versions/A/WatchdogClient
0x00007ff80f478000 	/System/Library/Frameworks/CoreDisplay.framework/Versions/A/CoreDisplay
0x00007ff8178a0000 	/System/Library/Frameworks/CoreMedia.framework/Versions/A/CoreMedia
0x00007ff817688000 	/System/Library/PrivateFrameworks/IOAccelerator.framework/Versions/A/IOAccelerator
0x00007ff81610a000 	/System/Library/Frameworks/CoreVideo.framework/Versions/A/CoreVideo
0x00007ff81a2ab000 	/System/Library/Frameworks/MetalPerformanceShaders.framework/Versions/A/MetalPerformanceShaders
0x00007ff81c7a7000 	/System/Library/Frameworks/VideoToolbox.framework/Versions/A/VideoToolbox
0x00007ff813f71000 	/System/Library/PrivateFrameworks/BaseBoard.framework/Versions/A/BaseBoard
0x00007ff81cdb3000 	/System/Library/PrivateFrameworks/GPUWrangler.framework/Versions/A/GPUWrangler
0x00007ff81cd97000 	/System/Library/PrivateFrameworks/IOPresentment.framework/Versions/A/IOPresentment
0x00007ff81cdbd000 	/System/Library/PrivateFrameworks/DSExternalDisplay.framework/Versions/A/DSExternalDisplay
0x00007ffb146d3000 	/System/Library/PrivateFrameworks/GPUCompiler.framework/Versions/31001/Libraries/libllvm-flatbuffers.dylib
0x00007ffa25883000 	/System/Library/Frameworks/OpenGL.framework/Versions/A/Libraries/libCoreFSCache.dylib
0x00007ffb146cf000 	/System/Library/PrivateFrameworks/GPUCompiler.framework/Versions/31001/Libraries/libGPUCompilerUtils.dylib
0x00007ff81ce29000 	/System/Library/PrivateFrameworks/CMCaptureCore.framework/Versions/A/CMCaptureCore
0x00007ffa2953d000 	/System/Library/Frameworks/ExtensionFoundation.framework/Versions/A/ExtensionFoundation
0x00007ff8238b2000 	/System/Library/PrivateFrameworks/CoreTime.framework/Versions/A/CoreTime
0x00007ff81c33b000 	/System/Library/PrivateFrameworks/AppServerSupport.framework/Versions/A/AppServerSupport
0x00007ff81e6c5000 	/System/Library/PrivateFrameworks/perfdata.framework/Versions/A/perfdata
0x00007ff80f5a4000 	/System/Library/PrivateFrameworks/AudioToolboxCore.framework/Versions/A/AudioToolboxCore
0x00007ff81787b000 	/System/Library/PrivateFrameworks/caulk.framework/Versions/A/caulk
0x00007ff81dfa0000 	/usr/lib/libAudioStatistics.dylib
0x00007ff911987000 	/System/Library/PrivateFrameworks/SystemPolicy.framework/Versions/A/SystemPolicy
0x00007ff81e23b000 	/usr/lib/libSMC.dylib
0x00007ff82741e000 	/System/Library/Frameworks/CoreMIDI.framework/Versions/A/CoreMIDI
0x00007ff81ccd4000 	/usr/lib/libAudioToolboxUtility.dylib
0x00007ff82cda8000 	/System/Library/PrivateFrameworks/OSAServicesClient.framework/Versions/A/OSAServicesClient
0x00007ff81e6d2000 	/usr/lib/libperfcheck.dylib
0x00007ff81bc62000 	/System/Library/PrivateFrameworks/PlugInKit.framework/Versions/A/PlugInKit
0x00007ff8193fc000 	/System/Library/PrivateFrameworks/AssertionServices.framework/Versions/A/AssertionServices
0x00007ffa258e0000 	/System/Library/Frameworks/OpenGL.framework/Versions/A/Libraries/libGLU.dylib
0x00007ffa258a2000 	/System/Library/Frameworks/OpenGL.framework/Versions/A/Libraries/libGFXShared.dylib
0x00007ffa25aa1000 	/System/Library/Frameworks/OpenGL.framework/Versions/A/Libraries/libGL.dylib
0x00007ffa258ab000 	/System/Library/Frameworks/OpenGL.framework/Versions/A/Libraries/libGLImage.dylib
0x00007ffa2589f000 	/System/Library/Frameworks/OpenGL.framework/Versions/A/Libraries/libCVMSPluginSupport.dylib
0x00007ffb2d071000 	/usr/lib/libRosetta.dylib
0x00007ffa2588a000 	/System/Library/Frameworks/OpenGL.framework/Versions/A/Libraries/libCoreVMClient.dylib
0x00007ff81851e000 	/System/Library/Frameworks/MetalPerformanceShaders.framework/Versions/A/Frameworks/MPSCore.framework/Versions/A/MPSCore
0x00007ff819afc000 	/System/Library/Frameworks/MetalPerformanceShaders.framework/Versions/A/Frameworks/MPSImage.framework/Versions/A/MPSImage
0x00007ff81956e000 	/System/Library/Frameworks/MetalPerformanceShaders.framework/Versions/A/Frameworks/MPSNeuralNetwork.framework/Versions/A/MPSNeuralNetwork
0x00007ff8199df000 	/System/Library/Frameworks/MetalPerformanceShaders.framework/Versions/A/Frameworks/MPSMatrix.framework/Versions/A/MPSMatrix
0x00007ff81979b000 	/System/Library/Frameworks/MetalPerformanceShaders.framework/Versions/A/Frameworks/MPSRayIntersector.framework/Versions/A/MPSRayIntersector
0x00007ff819a1b000 	/System/Library/Frameworks/MetalPerformanceShaders.framework/Versions/A/Frameworks/MPSNDArray.framework/Versions/A/MPSNDArray
0x00007ffa2a925000 	/System/Library/Frameworks/MetalPerformanceShaders.framework/Versions/A/Frameworks/MPSFunctions.framework/Versions/A/MPSFunctions
0x00007ff80e29b000 	/System/Library/PrivateFrameworks/MetalTools.framework/Versions/A/MetalTools
0x00007ff8185a8000 	/System/Library/PrivateFrameworks/AggregateDictionary.framework/Versions/A/AggregateDictionary
0x00007ff81bb18000 	/usr/lib/libIOReport.dylib
0x00007ffb1cb84000 	/System/Library/PrivateFrameworks/PhotosensitivityProcessing.framework/Versions/A/PhotosensitivityProcessing
0x00007ffa26566000 	/System/Library/Frameworks/OpenCL.framework/Versions/A/OpenCL
0x00007ff81beca000 	/System/Library/PrivateFrameworks/GraphVisualizer.framework/Versions/A/GraphVisualizer
0x00007ffb145e8000 	/System/Library/PrivateFrameworks/FontServices.framework/Versions/A/FontServices
0x00007ff81c2f6000 	/System/Library/PrivateFrameworks/OTSVG.framework/Versions/A/OTSVG
0x00007ff815cd3000 	/System/Library/Frameworks/ApplicationServices.framework/Versions/A/Frameworks/ATS.framework/Versions/A/Resources/libFontRegistry.dylib
0x00007ff81c345000 	/System/Library/PrivateFrameworks/FontServices.framework/libhvf.dylib
0x00007ffb145e9000 	/System/Library/PrivateFrameworks/FontServices.framework/libXTFontStaticRegistryData.dylib
0x00007ff91d3b6000 	/usr/lib/swift/libswiftMetal.dylib
0x00007ff91549a000 	/usr/lib/swift/libswiftsimd.dylib
0x00007ffb2626a000 	/System/Library/PrivateFrameworks/VideoToolboxParavirtualizationSupport.framework/Versions/A/VideoToolboxParavirtualizationSupport
0x00007ff81bd32000 	/System/Library/PrivateFrameworks/AppleVA.framework/Versions/A/AppleVA
0x00007ff81dfe0000 	/System/Library/Frameworks/ApplicationServices.framework/Versions/A/Frameworks/ATS.framework/Versions/A/ATS
0x00007ff8133e7000 	/System/Library/Frameworks/ApplicationServices.framework/Versions/A/Frameworks/HIServices.framework/Versions/A/HIServices
0x00007ff81ce35000 	/System/Library/Frameworks/ApplicationServices.framework/Versions/A/Frameworks/PrintCore.framework/Versions/A/PrintCore
0x00007ff81e391000 	/System/Library/Frameworks/ApplicationServices.framework/Versions/A/Frameworks/QD.framework/Versions/A/QD
0x00007ff81e389000 	/System/Library/Frameworks/ApplicationServices.framework/Versions/A/Frameworks/ColorSyncLegacy.framework/Versions/A/ColorSyncLegacy
0x00007ff81dfb4000 	/System/Library/Frameworks/ApplicationServices.framework/Versions/A/Frameworks/SpeechSynthesis.framework/Versions/A/SpeechSynthesis
0x00007ff81cdf3000 	/System/Library/Frameworks/ApplicationServices.framework/Versions/A/Frameworks/ATSUI.framework/Versions/A/ATSUI
0x00007ff81e31b000 	/usr/lib/libcups.2.dylib
0x00007ff81e6e1000 	/System/Library/Frameworks/Kerberos.framework/Versions/A/Kerberos
0x00007ff81e6f0000 	/System/Library/Frameworks/GSS.framework/Versions/A/GSS
0x00007ff81e04e000 	/usr/lib/libresolv.9.dylib
0x00007ff81c355000 	/System/Library/PrivateFrameworks/Heimdal.framework/Versions/A/Heimdal
0x00007ff825601000 	/System/Library/Frameworks/Kerberos.framework/Versions/A/Libraries/libHeimdalProxy.dylib
0x00007ff81e73b000 	/System/Library/PrivateFrameworks/CommonAuth.framework/Versions/A/CommonAuth
0x00007ffa287ec000 	/System/Library/Frameworks/AVFAudio.framework/Versions/A/AVFAudio
0x00007ff82cdf1000 	/System/Library/PrivateFrameworks/AXCoreUtilities.framework/Versions/A/AXCoreUtilities
0x00007ff81df32000 	/System/Library/PrivateFrameworks/AudioSession.framework/Versions/A/AudioSession
0x00007ff81f533000 	/System/Library/Frameworks/IOBluetooth.framework/Versions/A/IOBluetooth
0x00007ff81be38000 	/System/Library/PrivateFrameworks/MediaExperience.framework/Versions/A/MediaExperience
0x00007ff81dddc000 	/System/Library/PrivateFrameworks/AudioSession.framework/libSessionUtility.dylib
0x00007ff81e39d000 	/System/Library/PrivateFrameworks/AudioResourceArbitration.framework/Versions/A/AudioResourceArbitration
0x00007ff8224c5000 	/System/Library/PrivateFrameworks/PowerLog.framework/Versions/A/PowerLog
0x00007ff822403000 	/System/Library/Frameworks/CoreBluetooth.framework/Versions/A/CoreBluetooth
0x00007ff825602000 	/System/Library/Frameworks/AudioUnit.framework/Versions/A/AudioUnit
0x00007ff819266000 	/System/Library/PrivateFrameworks/CoreUtils.framework/Versions/A/CoreUtils
0x00007ffb130b6000 	/System/Library/PrivateFrameworks/CoreUtilsExtras.framework/Versions/A/CoreUtilsExtras
0x00007ffb1808f000 	/System/Library/PrivateFrameworks/IO80211.framework/Versions/A/IO80211
0x00007ff81bda6000 	/System/Library/PrivateFrameworks/IconFoundation.framework/Versions/A/IconFoundation
0x00007ff8214bb000 	/System/Library/PrivateFrameworks/SpeechRecognitionCore.framework/Versions/A/SpeechRecognitionCore
0x000000010985f000 	/Library/Java/JavaVirtualMachines/temurin-8.jdk/Contents/Home/jre/lib/server/libjvm.dylib
0x0000000108a7a000 	/Library/Java/JavaVirtualMachines/temurin-8.jdk/Contents/Home/jre/lib/libverify.dylib
0x0000000108ae6000 	/Library/Java/JavaVirtualMachines/temurin-8.jdk/Contents/Home/jre/lib/libjava.dylib
0x0000000108aaf000 	/Library/Java/JavaVirtualMachines/temurin-8.jdk/Contents/Home/jre/lib/libzip.dylib
0x0000000125df1000 	/Library/Java/JavaVirtualMachines/temurin-8.jdk/Contents/Home/jre/lib/libnio.dylib
0x0000000125e48000 	/Library/Java/JavaVirtualMachines/temurin-8.jdk/Contents/Home/jre/lib/libnet.dylib
0x00000001280fe000 	/private/var/folders/1k/1p9mzqd51ll4_102krxx9t7c0000gp/T/libgdxmaribelkatherineclaro/25a8e9fb/libgdx64.dylib
0x00007ff9123f1000 	/usr/lib/libstdc++.6.dylib
0x0000000128342000 	/Library/Java/JavaVirtualMachines/temurin-8.jdk/Contents/Home/jre/lib/libawt.dylib
0x0000000128574000 	/Library/Java/JavaVirtualMachines/temurin-8.jdk/Contents/Home/jre/lib/libmlib_image.dylib
0x00007ffa29b03000 	/System/Library/Frameworks/JavaNativeFoundation.framework/Versions/A/JavaNativeFoundation
0x00007ffa29b0f000 	/System/Library/Frameworks/JavaRuntimeSupport.framework/Versions/A/JavaRuntimeSupport
0x00007ff911394000 	/System/Library/Frameworks/Carbon.framework/Versions/A/Carbon
0x00007ff8237ce000 	/System/Library/PrivateFrameworks/CoreSymbolication.framework/Versions/A/CoreSymbolication
0x00007ff829177000 	/System/Library/Frameworks/Carbon.framework/Versions/A/Frameworks/CommonPanels.framework/Versions/A/CommonPanels
0x00007ff824f62000 	/System/Library/Frameworks/Carbon.framework/Versions/A/Frameworks/Help.framework/Versions/A/Help
0x00007ff82917b000 	/System/Library/Frameworks/Carbon.framework/Versions/A/Frameworks/ImageCapture.framework/Versions/A/ImageCapture
0x00007ff829153000 	/System/Library/Frameworks/Carbon.framework/Versions/A/Frameworks/OpenScripting.framework/Versions/A/OpenScripting
0x00007ff829173000 	/System/Library/Frameworks/Carbon.framework/Versions/A/Frameworks/Ink.framework/Versions/A/Ink
0x00007ff911390000 	/System/Library/Frameworks/Carbon.framework/Versions/A/Frameworks/Print.framework/Versions/A/Print
0x00007ff82916f000 	/System/Library/Frameworks/Carbon.framework/Versions/A/Frameworks/SecurityHI.framework/Versions/A/SecurityHI
0x00007ff82378f000 	/System/Library/PrivateFrameworks/DebugSymbols.framework/Versions/A/DebugSymbols
0x000000012880c000 	/Library/Java/JavaVirtualMachines/temurin-8.jdk/Contents/Home/jre/lib/libawt_lwawt.dylib
0x00000001282d2000 	/Library/Java/JavaVirtualMachines/temurin-8.jdk/Contents/Home/jre/lib/libosxapp.dylib
0x00007ff910639000 	/System/Library/Frameworks/ExceptionHandling.framework/Versions/A/ExceptionHandling
0x00007ff822ab3000 	/System/Library/Frameworks/FileProvider.framework/Versions/A/FileProvider
0x00007ff813edc000 	/System/Library/Frameworks/Accounts.framework/Versions/A/Accounts
0x00007ff816199000 	/System/Library/PrivateFrameworks/UserManagement.framework/Versions/A/UserManagement
0x00007ff822c4d000 	/System/Library/PrivateFrameworks/GenerationalStorage.framework/Versions/A/GenerationalStorage
0x00007ff8224ba000 	/System/Library/PrivateFrameworks/SymptomDiagnosticReporter.framework/Versions/A/SymptomDiagnosticReporter
0x00007ff811da6000 	/System/Library/PrivateFrameworks/DesktopServicesPriv.framework/Versions/A/DesktopServicesPriv
0x00007ff810b68000 	/usr/lib/libsandbox.1.dylib
0x00007ff81e37e000 	/System/Library/PrivateFrameworks/NetAuth.framework/Versions/A/NetAuth
0x00007ff81f3b2000 	/System/Library/PrivateFrameworks/Sharing.framework/Versions/A/Sharing
0x00007ff81615f000 	/System/Library/PrivateFrameworks/login.framework/Versions/A/Frameworks/loginsupport.framework/Versions/A/loginsupport
0x00007ff824ad0000 	/System/Library/PrivateFrameworks/Apple80211.framework/Versions/A/Apple80211
0x00007ff819ca3000 	/System/Library/PrivateFrameworks/AuthKit.framework/Versions/A/AuthKit
0x00007ff8191eb000 	/System/Library/Frameworks/CoreWLAN.framework/Versions/A/CoreWLAN
0x00007ff824ad4000 	/System/Library/PrivateFrameworks/CoreWiFi.framework/Versions/A/CoreWiFi
0x00007ffa16711000 	/System/Library/PrivateFrameworks/WiFiPeerToPeer.framework/Versions/A/WiFiPeerToPeer
0x00007ff823336000 	/System/Library/PrivateFrameworks/FrontBoardServices.framework/Versions/A/FrontBoardServices
0x00007ff8233cf000 	/System/Library/PrivateFrameworks/BoardServices.framework/Versions/A/BoardServices
0x00007ff824c70000 	/System/Library/PrivateFrameworks/BackBoardServices.framework/Versions/A/BackBoardServices
0x00007ff819e1c000 	/System/Library/Frameworks/UserNotifications.framework/Versions/A/UserNotifications
0x00007ff81e834000 	/System/Library/PrivateFrameworks/CorePhoneNumbers.framework/Versions/A/CorePhoneNumbers
0x00007ff81e07b000 	/System/Library/PrivateFrameworks/MultiverseSupport.framework/Versions/A/MultiverseSupport
0x00007ff824eeb000 	/System/Library/PrivateFrameworks/RemoteServiceDiscovery.framework/Versions/A/RemoteServiceDiscovery
0x00007ff8225d4000 	/System/Library/PrivateFrameworks/DiskManagement.framework/Versions/A/DiskManagement
0x00007ff8224ec000 	/System/Library/PrivateFrameworks/AppleIDAuthSupport.framework/Versions/A/AppleIDAuthSupport
0x00007ffa2d6ea000 	/System/Library/PrivateFrameworks/AAAFoundation.framework/Versions/A/AAAFoundation
0x00007ff81e80d000 	/System/Library/PrivateFrameworks/KeychainCircle.framework/Versions/A/KeychainCircle
0x00007ff824eff000 	/System/Library/PrivateFrameworks/RemoteXPC.framework/Versions/A/RemoteXPC
0x00007ff8225a0000 	/System/Library/PrivateFrameworks/MediaKit.framework/Versions/A/MediaKit
0x00007ff8224f8000 	/System/Library/Frameworks/DiscRecording.framework/Versions/A/DiscRecording
0x00007ff81bca6000 	/usr/lib/libCoreStorage.dylib
0x00007ff824f6a000 	/usr/lib/libcsfde.dylib
0x00007ff81f608000 	/System/Library/PrivateFrameworks/ProtectedCloudStorage.framework/Versions/A/ProtectedCloudStorage
0x00007ff824f66000 	/System/Library/PrivateFrameworks/EFILogin.framework/Versions/A/EFILogin
0x00007ff822c73000 	/System/Library/PrivateFrameworks/OctagonTrust.framework/Versions/A/OctagonTrust
0x00007ff81bc9e000 	/usr/lib/libMatch.1.dylib
0x00007ff91a386000 	/System/Library/CoreServices/RawCamera.bundle/Contents/MacOS/RawCamera
0x00007ff81e74b000 	/System/Library/PrivateFrameworks/MobileAsset.framework/Versions/A/MobileAsset
0x00007ff917c4f000 	/System/Library/PrivateFrameworks/SoftwareUpdateCoreSupport.framework/Versions/A/SoftwareUpdateCoreSupport
0x00007ff91e0b9000 	/System/Library/PrivateFrameworks/SoftwareUpdateCoreConnect.framework/Versions/A/SoftwareUpdateCoreConnect
0x00007ff825626000 	/System/Library/PrivateFrameworks/StreamingZip.framework/Versions/A/StreamingZip
0x00007ff917911000 	/System/Library/PrivateFrameworks/MSUDataAccessor.framework/Versions/A/MSUDataAccessor
0x00007ff913dac000 	/usr/lib/libbootpolicy.dylib
0x00007ff924add000 	/usr/lib/libpartition2_dynamic.dylib
0x00007ffb0fc58000 	/System/Library/PrivateFrameworks/CMPhoto.framework/Versions/A/CMPhoto
0x00007ff823662000 	/System/Library/PrivateFrameworks/AppleVPA.framework/Versions/A/AppleVPA
0x00007ff81d065000 	/System/Library/Frameworks/MediaToolbox.framework/Versions/A/MediaToolbox
0x00007ff822a83000 	/System/Library/PrivateFrameworks/CoreAVCHD.framework/Versions/A/CoreAVCHD
0x00007ff821bc1000 	/System/Library/Frameworks/MediaAccessibility.framework/Versions/A/MediaAccessibility
0x00007ff822a7f000 	/System/Library/PrivateFrameworks/Mangrove.framework/Versions/A/Mangrove
0x00007ff8226c4000 	/System/Library/PrivateFrameworks/CoreAUC.framework/Versions/A/CoreAUC
0x00007ff917301000 	/System/Library/Frameworks/Accelerate.framework/Versions/A/Frameworks/vImage.framework/Versions/A/Libraries/libCGInterfaces.dylib
0x000000012b207000 	/usr/lib/libobjc-trampolines.dylib
0x00007ffb2ce22000 	/usr/lib/libAccessibilityBaseImplementations.dylib
0x00007ff815e78000 	/System/Library/PrivateFrameworks/ViewBridge.framework/Versions/A/ViewBridge
0x000000012c7fa000 	/Library/Java/JavaVirtualMachines/temurin-8.jdk/Contents/Home/jre/lib/libfontmanager.dylib
0x000000012c9c6000 	/Library/Java/JavaVirtualMachines/temurin-8.jdk/Contents/Home/jre/lib/libfreetype.6.dylib
0x000000012cb91000 	/private/var/folders/1k/1p9mzqd51ll4_102krxx9t7c0000gp/T/libgdxmaribelkatherineclaro/f7649394/liblwjgl.dylib
0x000000012c790000 	/Library/Java/JavaVirtualMachines/temurin-8.jdk/Contents/Home/jre/lib/libjawt.dylib
0x000000012cc94000 	/private/var/folders/1k/1p9mzqd51ll4_102krxx9t7c0000gp/T/libgdxmaribelkatherineclaro/f7649394/openal.dylib
0x000000012d01e000 	/System/Library/Components/CoreAudio.component/Contents/MacOS/CoreAudio
0x00007ff91178b000 	/System/Library/Frameworks/AVFoundation.framework/Versions/A/AVFoundation
0x00007ff82312f000 	/System/Library/PrivateFrameworks/AVFCore.framework/Versions/A/AVFCore
0x00007ff82ab4b000 	/System/Library/PrivateFrameworks/AVFCapture.framework/Versions/A/AVFCapture
0x00007ff910284000 	/System/Library/PrivateFrameworks/AirPlaySync.framework/Versions/A/AirPlaySync
0x00007ffb0fc2a000 	/System/Library/PrivateFrameworks/CMImaging.framework/Versions/A/CMImaging
0x00007ff82accb000 	/System/Library/PrivateFrameworks/Quagga.framework/Versions/A/Quagga
0x00007ff82adb9000 	/System/Library/PrivateFrameworks/CMCapture.framework/Versions/A/CMCapture
0x00007ff81e14a000 	/System/Library/Frameworks/CoreMediaIO.framework/Versions/A/CoreMediaIO
0x00007ff912445000 	/System/Library/PrivateFrameworks/LoggingSupport.framework/Versions/A/LoggingSupport
0x00007ffa25aac000 	/System/Library/Frameworks/OpenGL.framework/Versions/A/Resources/GLEngine.bundle/GLEngine
0x00007ffa2591d000 	/System/Library/Frameworks/OpenGL.framework/Versions/A/Libraries/libGLProgrammability.dylib
0x000000012dedb000 	/System/Library/Extensions/AppleMetalOpenGLRenderer.bundle/Contents/MacOS/AppleMetalOpenGLRenderer
0x00007ffa25c2e000 	/System/Library/Frameworks/OpenGL.framework/Versions/A/Resources/GLRendererFloat.bundle/GLRendererFloat
0x00007ffa26bb0000 	/System/Library/Extensions/AGXMetal13_3.bundle/Contents/MacOS/AGXMetal13_3
0x00007ff9124f8000 	/System/Library/PrivateFrameworks/GPURawCounter.framework/Versions/A/GPURawCounter
0x00007ff82bdc3000 	/System/Library/PrivateFrameworks/IOGPU.framework/Versions/A/IOGPU
0x00007ff81c40d000 	/System/Library/PrivateFrameworks/login.framework/Versions/A/login

VM Arguments:
jvm_args: -Duser.language=es_419 -Dfile.encoding=UTF-8 
java_command: org.uqbar.project.wollok.launch.WollokLauncher -requestsPort 0 -eventsPort 0 -folder -dontValidate -wf src/juego.wpgm -darkMode
java_class_path (initial): /Users/maribelkatherineclaro/git/2023s2-tp-game-grupo-7-2/bin:/Applications/Wollok.app/Contents/Eclipse/plugins/com.ibm.icu_64.2.0.v20190507-1337.jar:/Applications/Wollok.app/Contents/Eclipse/plugins/org.eclipse.xtext_2.20.0.v20191202-0915.jar:/Applications/Wollok.app/Contents/Eclipse/plugins/org.eclipse.emf.ecore.xmi_2.16.0.v20190528-0725.jar:/Applications/Wollok.app/Contents/Eclipse/plugins/org.eclipse.emf.ecore_2.20.0.v20190920-0401.jar:/Applications/Wollok.app/Contents/Eclipse/plugins/org.eclipse.emf.common_2.17.0.v20190920-0401.jar:/Applications/Wollok.app/Contents/Eclipse/plugins/org.antlr.runtime_3.2.0.v201101311130.jar:/Applications/Wollok.app/Contents/Eclipse/plugins/com.google.inject_3.0.0.v201605172100.jar:/Applications/Wollok.app/Contents/Eclipse/plugins/org.eclipse.emf.mwe.core_1.5.1.v20191121-1148.jar:/Applications/Wollok.app/Contents/Eclipse/plugins/org.apache.commons.cli_1.2.0.v201404270220.jar:/Applications/Wollok.app/Contents/Eclipse/plugins/org.eclipse.emf.mwe2.runtime_2.11.1.v20191121-1148.jar:/Applications/Wollok.app/Contents/Eclipse/plugins/org.eclipse.emf.mwe.utils_1.5.1.v20191121-1148.jar:/Applications/Wollok.app/Contents/Eclipse/plugins/org.eclipse.xtext.util_2.20.0.v20191202-0915.jar:/Applications/Wollok.app/Contents/Eclipse/plugins/com.google.guava_27.1.0.v20190517-1946.jar:/Applications/Wollok.app/Contents/Eclipse/plugins/javax.inject_1.0.0.v20091030.jar:/Applications/Wollok.app/Contents/Eclipse/plugins/org.eclipse.xtext.generator_2.20.0.v20191202-0933.jar:/Applications/Wollok.app/Contents/Eclipse/plugins/org.eclipse.xtext.xtext.generator_2.20.0.v20191202-0915.jar:/Applications/Wollok.app/Contents/Eclipse/plugins/org.eclipse.xtext.xbase.lib_2.20.0.v20191202-0907.jar:/Applications/Wollok.app/Contents/Eclipse/plugins/org.eclipse.emf.codegen.ecore_2.20.0.v20191012-0918.jar:/Applications/Wollok.app/Contents/Eclipse/plugins/org.eclipse.emf.codegen_2.19.0.v20190821-1536.jar:/Applications/Wollok.app/Contents/Eclipse/
Launcher Type: SUN_STANDARD

Environment Variables:
PATH=/usr/bin:/bin:/usr/sbin:/sbin
SHELL=/bin/zsh

Signal Handlers:
SIGSEGV: [libjvm.dylib+0x59c663], sa_mask[0]=11111111111111111111111111111111, sa_flags=SA_ONSTACK|SA_RESTART|SA_SIGINFO
SIGBUS: [libjvm.dylib+0x59c663], sa_mask[0]=11111111111111111111111111111111, sa_flags=SA_RESTART|SA_SIGINFO
SIGFPE: [libjvm.dylib+0x48f12b], sa_mask[0]=11111111111111111111111111111111, sa_flags=SA_RESTART|SA_SIGINFO
SIGPIPE: [libjvm.dylib+0x48f12b], sa_mask[0]=11111111111111111111111111111111, sa_flags=SA_RESTART|SA_SIGINFO
SIGXFSZ: [libjvm.dylib+0x48f12b], sa_mask[0]=11111111111111111111111111111111, sa_flags=SA_RESTART|SA_SIGINFO
SIGILL: [libjvm.dylib+0x48f12b], sa_mask[0]=11111111111111111111111111111111, sa_flags=SA_RESTART|SA_SIGINFO
SIGUSR1: SIG_DFL, sa_mask[0]=00000000000000000000000000000000, sa_flags=none
SIGUSR2: [libjvm.dylib+0x48fa22], sa_mask[0]=00100000000000000000000000000000, sa_flags=SA_RESTART|SA_SIGINFO
SIGHUP: [libjvm.dylib+0x48dc15], sa_mask[0]=11111111111111111111111111111111, sa_flags=SA_RESTART|SA_SIGINFO
SIGINT: [libjvm.dylib+0x48dc15], sa_mask[0]=11111111111111111111111111111111, sa_flags=SA_RESTART|SA_SIGINFO
SIGTERM: [libjvm.dylib+0x48dc15], sa_mask[0]=11111111111111111111111111111111, sa_flags=SA_RESTART|SA_SIGINFO
SIGQUIT: [libjvm.dylib+0x48dc15], sa_mask[0]=11111111111111111111111111111111, sa_flags=SA_RESTART|SA_SIGINFO


---------------  S Y S T E M  ---------------

OS:Bsduname:Darwin 22.6.0 Darwin Kernel Version 22.6.0: Wed Jul  5 22:22:52 PDT 2023; root:xnu-8796.141.3~6/RELEASE_ARM64_T8103 x86_64
rlimit: STACK 8176k, CORE 0k, NPROC 2666, NOFILE 10240, AS infinity
load average:1.57 1.60 1.52

CPU:total 8 (initial active 8) (1 cores per cpu, 1 threads per core) family 6 model 44 stepping 0, cmov, cx8, fxsr, mmx, sse, sse2, sse3, ssse3, sse4.1, sse4.2, popcnt, aes, clmul, tsc, tscinvbit, tscinv

Memory: 4k page, physical 16777216k(26192k free)

/proc/meminfo:


vm_info: OpenJDK 64-Bit Server VM (25.382-b05) for bsd-amd64 JRE (1.8.0_382-b05), built on Jul 19 2023 16:41:04 by "jenkins" with gcc 4.2.1 Compatible Apple LLVM 10.0.1 (clang-1001.0.46.4)

time: Tue Nov 14 19:05:43 2023
timezone: -03
elapsed time: 10.954559 seconds (0d 0h 0m 10s)

